Compiling the CXX compiler identification source file "CMakeCXXCompilerId.cpp" failed.
Compiler: /snap/flutter/current/usr/bin/clang++ 
Build flags: 
Id flags:  

The output was:
1
/snap/flutter/current/usr/bin/ld: cannot find crt1.o: No such file or directory
/snap/flutter/current/usr/bin/ld: cannot find crti.o: No such file or directory
clang: error: linker command failed with exit code 1 (use -v to see invocation)


Determining if the CXX compiler works failed with the following output:
Change Dir: /home/kchristm/dev/pm_world_clock/build/linux/debug/CMakeFiles/CMakeTmp

Run Build Command:"/snap/flutter/current/usr/bin/ninja" "cmTC_d2457"
[1/2] Building CXX object CMakeFiles/cmTC_d2457.dir/testCXXCompiler.cxx.o
[2/2] Linking CXX executable cmTC_d2457
FAILED: cmTC_d2457 
: && /snap/flutter/current/usr/bin/clang++    -L/snap/flutter/current/usr/lib/gcc/x86_64-linux-gnu/8 -L/snap/flutter/current/usr/lib/x86_64-linux-gnu -lblkid -lgcrypt -llzma -lpthread -L/snap/flutter/current/usr/lib/ CMakeFiles/cmTC_d2457.dir/testCXXCompiler.cxx.o  -o cmTC_d2457   && :
/snap/flutter/current/usr/bin/ld: cannot find crt1.o: No such file or directory
/snap/flutter/current/usr/bin/ld: cannot find crti.o: No such file or directory
clang: error: linker command failed with exit code 1 (use -v to see invocation)
ninja: build stopped: subcommand failed.


Compiling the CXX compiler identification source file "CMakeCXXCompilerId.cpp" failed.
Compiler: /snap/flutter/current/usr/bin/clang++ 
Build flags: 
Id flags:  

The output was:
1
/snap/flutter/current/usr/bin/ld: cannot find crt1.o: No such file or directory
/snap/flutter/current/usr/bin/ld: cannot find crti.o: No such file or directory
clang: error: linker command failed with exit code 1 (use -v to see invocation)


Determining if the CXX compiler works failed with the following output:
Change Dir: /home/kchristm/dev/pm_world_clock/build/linux/debug/CMakeFiles/CMakeTmp

Run Build Command:"/snap/flutter/current/usr/bin/ninja" "cmTC_e0a76"
[1/2] Building CXX object CMakeFiles/cmTC_e0a76.dir/testCXXCompiler.cxx.o
[2/2] Linking CXX executable cmTC_e0a76
FAILED: cmTC_e0a76 
: && /snap/flutter/current/usr/bin/clang++    -L/snap/flutter/current/usr/lib/gcc/x86_64-linux-gnu/8 -L/snap/flutter/current/usr/lib/x86_64-linux-gnu -lblkid -lgcrypt -llzma -lpthread -L/snap/flutter/current/usr/lib/ CMakeFiles/cmTC_e0a76.dir/testCXXCompiler.cxx.o  -o cmTC_e0a76   && :
/snap/flutter/current/usr/bin/ld: cannot find crt1.o: No such file or directory
/snap/flutter/current/usr/bin/ld: cannot find crti.o: No such file or directory
clang: error: linker command failed with exit code 1 (use -v to see invocation)
ninja: build stopped: subcommand failed.


Compiling the CXX compiler identification source file "CMakeCXXCompilerId.cpp" failed.
Compiler: /snap/flutter/current/usr/bin/clang++ 
Build flags: 
Id flags:  

The output was:
1
/snap/flutter/current/usr/bin/ld: cannot find crt1.o: No such file or directory
/snap/flutter/current/usr/bin/ld: cannot find crti.o: No such file or directory
clang: error: linker command failed with exit code 1 (use -v to see invocation)


Determining if the CXX compiler works failed with the following output:
Change Dir: /home/kchristm/dev/pm_world_clock/build/linux/debug/CMakeFiles/CMakeTmp

Run Build Command:"/snap/flutter/current/usr/bin/ninja" "cmTC_34dcb"
[1/2] Building CXX object CMakeFiles/cmTC_34dcb.dir/testCXXCompiler.cxx.o
[2/2] Linking CXX executable cmTC_34dcb
FAILED: cmTC_34dcb 
: && /snap/flutter/current/usr/bin/clang++    -L/snap/flutter/current/usr/lib/gcc/x86_64-linux-gnu/8 -L/snap/flutter/current/usr/lib/x86_64-linux-gnu -lblkid -lgcrypt -llzma -lpthread -L/snap/flutter/current/usr/lib/ CMakeFiles/cmTC_34dcb.dir/testCXXCompiler.cxx.o  -o cmTC_34dcb   && :
/snap/flutter/current/usr/bin/ld: cannot find crt1.o: No such file or directory
/snap/flutter/current/usr/bin/ld: cannot find crti.o: No such file or directory
clang: error: linker command failed with exit code 1 (use -v to see invocation)
ninja: build stopped: subcommand failed.


